Determining if the pthread_create exist failed with the following output:
Change Dir: /mnt/c/Users/navarrof/Araceli_NF/2021/October/SlitThermalSim/SLIT_G4/build/CMakeFiles/CMakeTmp

Run Build Command:"/usr/bin/make" "cmTC_38c9c/fast"
/usr/bin/make -f CMakeFiles/cmTC_38c9c.dir/build.make CMakeFiles/cmTC_38c9c.dir/build
make[1]: Entering directory '/mnt/c/Users/navarrof/Araceli_NF/2021/October/SlitThermalSim/SLIT_G4/build/CMakeFiles/CMakeTmp'
Building C object CMakeFiles/cmTC_38c9c.dir/CheckSymbolExists.c.o
/usr/bin/cc    -o CMakeFiles/cmTC_38c9c.dir/CheckSymbolExists.c.o   -c /mnt/c/Users/navarrof/Araceli_NF/2021/October/SlitThermalSim/SLIT_G4/build/CMakeFiles/CMakeTmp/CheckSymbolExists.c
Linking C executable cmTC_38c9c
/usr/bin/cmake -E cmake_link_script CMakeFiles/cmTC_38c9c.dir/link.txt --verbose=1
/usr/bin/cc      CMakeFiles/cmTC_38c9c.dir/CheckSymbolExists.c.o  -o cmTC_38c9c 
CMakeFiles/cmTC_38c9c.dir/CheckSymbolExists.c.o: In function `main':
CheckSymbolExists.c:(.text+0x1b): undefined reference to `pthread_create'
collect2: error: ld returned 1 exit status
CMakeFiles/cmTC_38c9c.dir/build.make:97: recipe for target 'cmTC_38c9c' failed
make[1]: *** [cmTC_38c9c] Error 1
make[1]: Leaving directory '/mnt/c/Users/navarrof/Araceli_NF/2021/October/SlitThermalSim/SLIT_G4/build/CMakeFiles/CMakeTmp'
Makefile:126: recipe for target 'cmTC_38c9c/fast' failed
make: *** [cmTC_38c9c/fast] Error 2

File /mnt/c/Users/navarrof/Araceli_NF/2021/October/SlitThermalSim/SLIT_G4/build/CMakeFiles/CMakeTmp/CheckSymbolExists.c:
/* */
#include <pthread.h>

int main(int argc, char** argv)
{
  (void)argv;
#ifndef pthread_create
  return ((int*)(&pthread_create))[argc];
#else
  (void)argc;
  return 0;
#endif
}

